c:\home\workplace\g\graphic\graphic\debug\vc120.pdb
c:\home\workplace\g\graphic\graphic\debug\vc120.idb
c:\home\workplace\g\graphic\graphic\debug\main.obj
c:\home\workplace\g\graphic\graphic\debug\raycaster_flat.obj
c:\home\workplace\g\graphic\graphic\debug\raycaster_floor.obj
c:\home\workplace\g\graphic\graphic\debug\raycaster_sprites.obj
c:\home\workplace\g\graphic\graphic\debug\quickcg.obj
c:\home\workplace\g\graphic\graphic\debug\ycamera.obj
c:\home\workplace\g\graphic\graphic\debug\ymain.obj
c:\home\workplace\g\graphic\graphic\debug\ymath.obj
c:\home\workplace\g\graphic\graphic\debug\yrenderer.obj
c:\home\workplace\g\graphic\graphic\debug\yscreen.obj
c:\home\workplace\g\graphic\graphic\debug\yvertexarray.obj
c:\home\workplace\g\graphic\graphic\debug\surfaceshader.obj
c:\home\workplace\g\graphic\graphic\debug\ytransform.obj
c:\home\workplace\g\graphic\debug\graphic.ilk
c:\home\workplace\g\graphic\debug\graphic.exe
c:\home\workplace\g\graphic\debug\graphic.pdb
c:\home\workplace\g\graphic\graphic\debug\graphic.tlog\cl.command.1.tlog
c:\home\workplace\g\graphic\graphic\debug\graphic.tlog\cl.read.1.tlog
c:\home\workplace\g\graphic\graphic\debug\graphic.tlog\cl.write.1.tlog
c:\home\workplace\g\graphic\graphic\debug\graphic.tlog\link.command.1.tlog
c:\home\workplace\g\graphic\graphic\debug\graphic.tlog\link.read.1.tlog
c:\home\workplace\g\graphic\graphic\debug\graphic.tlog\link.write.1.tlog
